
==============================================

!Tue Sep 05 16:32:47 COT 2023

Processing file ElectronicBill_SENDBillDB\ElectronicBill_SENDBillDB.msgflow.
Successfully added file ElectronicBill_SENDBillDB\ElectronicBill_SENDBillDB.msgflow to BAR file.

==============================================

!Tue Sep 05 16:32:47 COT 2023

Processing file ElectronicBill_SENDBillDB\application.descriptor.
Successfully added file ElectronicBill_SENDBillDB\application.descriptor to BAR file.
Elapsed time: 0 second(s).

Successfully added file ElectronicBill_SENDBillDB\application.descriptor to BAR file.

==============================================

!Tue Sep 05 16:32:47 COT 2023

Processing file ElectronicBill_SENDBillDB\application.descriptor.
Successfully added file ElectronicBill_SENDBillDB\application.descriptor to BAR file.
Elapsed time: 0 second(s).

Successfully added file ElectronicBill_SENDBillDB\application.descriptor to BAR file.

==============================================

!Tue Sep 05 16:32:47 COT 2023

Processing file ElectronicBill_SENDBillDB\electronic\bill\v2\sendbill\SendBill_CreateJSONDocument.esql.
Successfully added file ElectronicBill_SENDBillDB\electronic\bill\v2\sendbill\SendBill_CreateJSONDocument.esql to BAR file.
