
==============================================

!Sun Mar 20 00:16:13 COT 2022

Successfully added file ElectronicBillV2_GetDataDB\electronic\bill\v2\get\data\db\GetDataBy_8HEADCUENTASMED.msgflow to BAR file.

Successfully added file ElectronicBillV2_GetDataDB\electronic\bill\v2\get\data\db\GetDataBy_7SUBDETAILFEDOS_TRIBUTOS.msgflow to BAR file.

Successfully added file ElectronicBillV2_GetDataDB\electronic\bill\v2\get\data\db\GetDataBy_6SUBDETAILFEDOS.msgflow to BAR file.

Successfully added file ElectronicBillV2_GetDataDB\electronic\bill\v2\get\data\db\GetDataBy_5DETAILFEDOS.msgflow to BAR file.

Successfully added file ElectronicBillV2_GetDataDB\electronic\bill\v2\get\data\db\GetDataBy_4DETAILCUENTASMED.msgflow to BAR file.

Successfully added file ElectronicBillV2_GetDataDB\electronic\bill\v2\get\data\db\GetDataBy_3TRIBUTOSFEDOS.msgflow to BAR file.

Successfully added file ElectronicBillV2_GetDataDB\electronic\bill\v2\get\data\db\GetDataBy_2ANTABOFEDOS.msgflow to BAR file.

Successfully added file ElectronicBillV2_GetDataDB\electronic\bill\v2\get\data\db\GetDataBy_1HEADFEDOS.msgflow to BAR file.

Successfully added file ElectronicBillV2_GetDataDB\application.descriptor to BAR file.

Successfully added file ElectronicBillV2_GetDataDB\application.descriptor to BAR file.

Successfully added file ElectronicBillV2_GetDataDB\application.descriptor to BAR file.

Successfully added file ElectronicBillV2_GetDataDB\application.descriptor to BAR file.

Successfully added file ElectronicBillV2_GetDataDB\electronic\bill\v2\get\data\db\GetDataBy_1HEADFEDOS_CreateErrorMsg.esql to BAR file.

Successfully added file ElectronicBillV2_GetDataDB\electronic\bill\v2\get\data\db\GetDataBy_1HEADFEDOS_GetData.esql to BAR file.

Successfully added file ElectronicBillV2_GetDataDB\electronic\bill\v2\get\data\db\GetDataBy_1HEADFEDOS_GetData.esql to BAR file.

Successfully added file ElectronicBillV2_GetDataDB\electronic\bill\v2\get\data\db\GetDataBy_1HEADFEDOS_GetData.esql to BAR file.

Successfully added file ElectronicBillV2_GetDataDB\electronic\bill\v2\get\data\db\GetDataBy_1HEADFEDOS_GetData.esql to BAR file.

Successfully added file ElectronicBillV2_GetDataDB\electronic\bill\v2\get\data\db\GetDataBy_2ANTABOFEDOS_CreateErrorMsg.esql to BAR file.

Successfully added file ElectronicBillV2_GetDataDB\electronic\bill\v2\get\data\db\GetDataBy_2ANTABOFEDOS_GetData.esql to BAR file.

Successfully added file ElectronicBillV2_GetDataDB\electronic\bill\v2\get\data\db\GetDataBy_2ANTABOFEDOS_GetData.esql to BAR file.

Successfully added file ElectronicBillV2_GetDataDB\electronic\bill\v2\get\data\db\GetDataBy_2ANTABOFEDOS_GetData.esql to BAR file.

Successfully added file ElectronicBillV2_GetDataDB\electronic\bill\v2\get\data\db\GetDataBy_2ANTABOFEDOS_GetData.esql to BAR file.

Successfully added file ElectronicBillV2_GetDataDB\electronic\bill\v2\get\data\db\GetDataBy_2ANTABOFEDOS_GetData.esql to BAR file.

Successfully added file ElectronicBillV2_GetDataDB\electronic\bill\v2\get\data\db\GetDataBy_3TRIBUTOSFEDOS_CreateErrorMsg.esql to BAR file.

Successfully added file ElectronicBillV2_GetDataDB\electronic\bill\v2\get\data\db\GetDataBy_3TRIBUTOSFEDOS_GetData.esql to BAR file.

Successfully added file ElectronicBillV2_GetDataDB\electronic\bill\v2\get\data\db\GetDataBy_3TRIBUTOSFEDOS_GetData.esql to BAR file.

Successfully added file ElectronicBillV2_GetDataDB\electronic\bill\v2\get\data\db\GetDataBy_3TRIBUTOSFEDOS_GetData.esql to BAR file.

Successfully added file ElectronicBillV2_GetDataDB\electronic\bill\v2\get\data\db\GetDataBy_3TRIBUTOSFEDOS_GetData.esql to BAR file.

Successfully added file ElectronicBillV2_GetDataDB\electronic\bill\v2\get\data\db\GetDataBy_3TRIBUTOSFEDOS_GetData.esql to BAR file.

Successfully added file ElectronicBillV2_GetDataDB\electronic\bill\v2\get\data\db\GetDataBy_4DETAILCUENTASMED_CreateErrorMsg.esql to BAR file.

Successfully added file ElectronicBillV2_GetDataDB\electronic\bill\v2\get\data\db\GetDataBy_4DETAILCUENTASMED_GetData.esql to BAR file.

Successfully added file ElectronicBillV2_GetDataDB\electronic\bill\v2\get\data\db\GetDataBy_4DETAILCUENTASMED_GetData.esql to BAR file.

Successfully added file ElectronicBillV2_GetDataDB\electronic\bill\v2\get\data\db\GetDataBy_4DETAILCUENTASMED_GetData.esql to BAR file.

Successfully added file ElectronicBillV2_GetDataDB\electronic\bill\v2\get\data\db\GetDataBy_4DETAILCUENTASMED_GetData.esql to BAR file.

Successfully added file ElectronicBillV2_GetDataDB\electronic\bill\v2\get\data\db\GetDataBy_4DETAILCUENTASMED_GetData.esql to BAR file.

Successfully added file ElectronicBillV2_GetDataDB\electronic\bill\v2\get\data\db\GetDataBy_5DETAILFEDOS_CreateErrorMsg.esql to BAR file.

Successfully added file ElectronicBillV2_GetDataDB\electronic\bill\v2\get\data\db\GetDataBy_5DETAILFEDOS_GetData.esql to BAR file.

Successfully added file ElectronicBillV2_GetDataDB\electronic\bill\v2\get\data\db\GetDataBy_5DETAILFEDOS_GetData.esql to BAR file.

Successfully added file ElectronicBillV2_GetDataDB\electronic\bill\v2\get\data\db\GetDataBy_5DETAILFEDOS_GetData.esql to BAR file.

Successfully added file ElectronicBillV2_GetDataDB\electronic\bill\v2\get\data\db\GetDataBy_5DETAILFEDOS_GetData.esql to BAR file.

Successfully added file ElectronicBillV2_GetDataDB\electronic\bill\v2\get\data\db\GetDataBy_5DETAILFEDOS_GetData.esql to BAR file.

Successfully added file ElectronicBillV2_GetDataDB\electronic\bill\v2\get\data\db\GetDataBy_6SUBDETAILFEDOS_CreateErrorMsg.esql to BAR file.

Successfully added file ElectronicBillV2_GetDataDB\electronic\bill\v2\get\data\db\GetDataBy_6SUBDETAILFEDOS_GetData.esql to BAR file.

Successfully added file ElectronicBillV2_GetDataDB\electronic\bill\v2\get\data\db\GetDataBy_6SUBDETAILFEDOS_GetData.esql to BAR file.

Successfully added file ElectronicBillV2_GetDataDB\electronic\bill\v2\get\data\db\GetDataBy_6SUBDETAILFEDOS_GetData.esql to BAR file.

Successfully added file ElectronicBillV2_GetDataDB\electronic\bill\v2\get\data\db\GetDataBy_6SUBDETAILFEDOS_GetData.esql to BAR file.

Successfully added file ElectronicBillV2_GetDataDB\electronic\bill\v2\get\data\db\GetDataBy_6SUBDETAILFEDOS_GetData.esql to BAR file.

Successfully added file ElectronicBillV2_GetDataDB\electronic\bill\v2\get\data\db\GetDataBy_7SUBDETAILFEDOS_TRIBUTOS_CreateErrorMsg.esql to BAR file.

Successfully added file ElectronicBillV2_GetDataDB\electronic\bill\v2\get\data\db\GetDataBy_7SUBDETAILFEDOS_TRIBUTOS_GetData.esql to BAR file.

Successfully added file ElectronicBillV2_GetDataDB\electronic\bill\v2\get\data\db\GetDataBy_7SUBDETAILFEDOS_TRIBUTOS_GetData.esql to BAR file.

Successfully added file ElectronicBillV2_GetDataDB\electronic\bill\v2\get\data\db\GetDataBy_7SUBDETAILFEDOS_TRIBUTOS_GetData.esql to BAR file.

Successfully added file ElectronicBillV2_GetDataDB\electronic\bill\v2\get\data\db\GetDataBy_7SUBDETAILFEDOS_TRIBUTOS_GetData.esql to BAR file.

Successfully added file ElectronicBillV2_GetDataDB\electronic\bill\v2\get\data\db\GetDataBy_7SUBDETAILFEDOS_TRIBUTOS_GetData.esql to BAR file.

Successfully added file ElectronicBillV2_GetDataDB\electronic\bill\v2\get\data\db\GetDataBy_8HEADCUENTASMED_CreateErrorMsg.esql to BAR file.

Successfully added file ElectronicBillV2_GetDataDB\electronic\bill\v2\get\data\db\GetDataBy_8HEADCUENTASMED_GetData.esql to BAR file.

Successfully added file ElectronicBillV2_GetDataDB\electronic\bill\v2\get\data\db\GetDataBy_8HEADCUENTASMED_GetData.esql to BAR file.

Successfully added file ElectronicBillV2_GetDataDB\electronic\bill\v2\get\data\db\GetDataBy_8HEADCUENTASMED_GetData.esql to BAR file.

Successfully added file ElectronicBillV2_GetDataDB\electronic\bill\v2\get\data\db\GetDataBy_8HEADCUENTASMED_GetData.esql to BAR file.

Successfully added file ElectronicBillV2_GetDataDB\electronic\bill\v2\get\data\db\GetDataBy_8HEADCUENTASMED_GetData.esql to BAR file.
